1362
AMMO.ACM
30690
5010
2
ANIMAL.ACM
146880
29140
4
ANIMAL1.ACM
127888
30831
6
BANGPIP1.ACM
141940
34397
8
BANGPIPE.ACM
140484
33738
10
BATS.ACM
132262
31560
12
BATS1.ACM
114758
27762
14
BEER.ACM
27928
4198
16
BELLTOL1.ACM
119924
26974
18
BELLTOLL.ACM
113616
24477
20
BIGBOX2.ACM
24914
2670
22
BIGWIN.ACM
108858
27821
24
BIGWIN1.ACM
108812
27815
26
BLANK.ACM
93704
9013
28
BOX2.ACM
24914
2670
30
BOXBELL1.ACM
132744
29352
32
BOXBELL2.ACM
132960
30642
34
BRDCHIR1.ACM
119018
29323
36
BRDCHIRP.ACM
118974
29065
38
BRDSWELL.ACM
63452
15468
40
BUTIN1.ACM
10762
2526
42
BUTIN2.ACM
4320
1328
44
BUTIN3.ACM
4850
1474
46
BUTIN4.ACM
4320
1328
48
BUTOUT1.ACM
7388
1749
50
BUTOUT2.ACM
5824
1851
52
BUTOUT3.ACM
11518
2405
54
BUTOUT4.ACM
5824
1851
56
CAMERA.ACM
128624
32811
58
CARREPAR.ACM
137300
33774
60
CARSTART.ACM
132348
33122
62
CENSOR.ACM
40082
10161
64
CHEMICA1.ACM
113172
25895
66
CHEMICAL.ACM
109064
24139
68
CHIMES.ACM
106760
24163
70
CHIMES1.ACM
111468
25386
72
CLANG.ACM
105526
25292
74
CLANG1.ACM
112446
26403
76
CLANK.ACM
101842
23175
78
CLANK1.ACM
108848
24332
80
CLUB.ACM
26090
4065
82
CMBTFLX.ACM
20502
4965
84
COOLANT.ACM
121758
28977
86
CRANE.ACM
101684
25369
88
CRICKET.ACM
98824
17138
90
CRICKET1.ACM
83634
11180
92
DICE.ACM
70820
17544
94
DICE1.ACM
35748
8624
96
DOGBARK.ACM
112662
24181
98
DOGBARK1.ACM
105890
21413
100
DOGBARK2.ACM
99018
21359
102
DRUNKLA1.ACM
111748
26833
104
DRUNKLAF.ACM
104666
25473
106
DYNAMITE.ACM
26696
4042
108
ELECTRI1.ACM
113390
27484
110
ELECTRIC.ACM
118376
28618
112
ELEVATO1.ACM
155102
36296
114
ELEVATOR.ACM
146952
34746
116
ELV1_1.ACM
201348
48579
118
ELV1_2.ACM
100394
23743
120
ELV1_3.ACM
87280
20649
122
ELV2_3.ACM
155066
33128
124
FIXSTILL.ACM
128986
28663
126
FLAMETHR.ACM
32098
5336
128
FLARE.ACM
29472
4425
130
FLRTRAP.ACM
12910
3526
132
FOOTSTE1.ACM
131794
16290
134
FOOTSTEP.ACM
123598
12657
136
GEIGER.ACM
29432
4775
138
GNTLWIN1.ACM
113386
24971
140
GNTLWIND.ACM
114964
26952
142
GUSTWIN1.ACM
121948
28998
144
GUSTWIND.ACM
125760
29883
146
HFXXXXAA.ACM
104034
26227
148
HFXXXXAO.acm
24478
6133
150
HFXXXXAP.acm
19616
5084
152
HFXXXXBA.ACM
49238
12424
154
HFXXXXBB.ACM
48132
12307
156
HFXXXXBD.ACM
106264
26374
158
HFXXXXBE.ACM
67068
17391
160
HFXXXXBF.ACM
117478
29600
162
HFXXXXBG.ACM
123176
31157
164
HFXXXXBH.ACM
70838
18351
166
HFXXXXBI.ACM
73354
18244
168
HFXXXXBK.ACM
151670
38036
170
HFXXXXBM.ACM
83830
21256
172
HFXXXXCH.ACM
73730
18564
174
HFXXXXCJ.ACM
84690
21503
176
HFXXXXDE.ACM
17572
4894
178
HFXXXXED.ACM
42310
10048
180
HFXXXXEE.ACM
27984
7119
182
HFXXXXFE.ACM
28196
6954
184
HFXXXXGE.ACM
27882
6986
186
HFXXXXHD.ACM
16522
4236
188
HFXXXXHE.ACM
26526
7053
190
HFXXXXIE.ACM
25506
6846
192
HFXXXXJE.ACM
27344
7031
194
HFXXXXKE.ACM
33738
9081
196
HFXXXXLE.ACM
32668
8204
198
HFXXXXMA.ACM
42994
11227
200
HFXXXXME.ACM
31060
8028
202
HFXXXXYA.ACM
43970
11210
204
HFXXXXYB.ACM
46692
11759
206
HFXXXXZA.ACM
46262
12018
208
HFXXXXZB.ACM
47912
12032
210
HMGZMOHD.ACM
58026
14364
212
HMXXXXAA.ACM
70066
17647
214
HMXXXXAE.ACM
105052
26311
216
HMXXXXAN.acm
24038
5613
218
HMXXXXAO.acm
25652
6983
220
HMXXXXAP.acm
20180
5069
222
HMXXXXAQ.acm
25258
5093
224
HMXXXXAR.acm
39334
9630
226
HMXXXXBA.ACM
48902
12291
228
HMXXXXBB.ACM
50022
12554
230
HMXXXXBD.ACM
107098
27734
232
HMXXXXBE.ACM
68410
17253
234
HMXXXXBF.acm
114842
28790
236
HMXXXXBG.acm
93916
23627
238
HMXXXXBH.ACM
77318
19181
240
HMXXXXBI.ACM
74582
18601
242
HMXXXXBJ.ACM
64846
15866
244
HMXXXXBK.ACM
153248
38711
246
HMXXXXBL.ACM
63980
15760
248
HMXXXXBM.ACM
86834
21764
250
HMXXXXBN.ACM
89654
22293
252
HMXXXXCH.ACM
79598
20442
254
HMXXXXCJ.ACM
84330
21526
256
HMXXXXDA.ACM
62988
14793
258
HMXXXXDC.ACM
21782
5773
260
HMXXXXDD.ACM
23942
6062
262
HMXXXXDE.ACM
21084
5902
264
HMXXXXEA.ACM
56072
13042
266
HMXXXXEC.ACM
37892
9391
268
HMXXXXED.ACM
42310
10048
270
HMXXXXEE.ACM
29160
8064
272
HMXXXXFA.ACM
88228
20849
274
HMXXXXFC.ACM
41618
10754
276
HMXXXXFD.ACM
42310
10048
278
HMXXXXFE.ACM
34928
9123
280
HMXXXXGA.ACM
56086
13976
282
HMXXXXGC.ACM
34192
9125
284
HMXXXXGD.ACM
57768
14724
286
HMXXXXGE.ACM
33062
8720
288
HMXXXXHA.ACM
21878
6099
290
HMXXXXHC.ACM
21950
5894
292
HMXXXXHD.ACM
60426
15087
294
HMXXXXHE.ACM
25850
7137
296
HMXXXXIA.ACM
72658
17690
298
HMXXXXIC.acm
37452
9820
300
HMXXXXID.acm
58692
15137
302
HMXXXXIE.ACM
26486
7038
304
HMXXXXJA.ACM
85700
21351
306
HMXXXXJC.ACM
33784
9002
308
HMXXXXJD.ACM
33066
8915
310
HMXXXXJE.ACM
31466
8130
312
HMXXXXKA.ACM
106934
20407
314
HMXXXXKC.ACM
58946
15080
316
HMXXXXKD.ACM
58948
15180
318
HMXXXXKE.ACM
35824
9180
320
HMXXXXLC.acm
45496
12171
322
HMXXXXLD.acm
37658
10015
324
HMXXXXLE.ACM
41408
11052
326
HMXXXXMA.ACM
42994
11227
328
HMXXXXMC.ACM
49382
12486
330
HMXXXXMD.ACM
67638
14889
332
HMXXXXME.ACM
32968
8571
334
HMXXXXYA.ACM
74768
18793
336
HMXXXXYB.ACM
46360
11992
338
HMXXXXZA.acm
47592
12138
340
HMXXXXZB.ACM
47886
12122
342
HMXXXXZQ.acm
46266
11190
344
HMXXXXZR.acm
50572
12308
346
HOWITZER.ACM
132956
30719
348
IACCUXX1.ACM
29004
6609
350
IB1LU1X1.ACM
7388
1749
352
IB1P1XX1.ACM
3032
1029
354
IB2LU1X1.ACM
9928
2399
356
IB2P1XX1.ACM
4320
1328
358
IB3LU1X1.ACM
11518
2405
360
IB3P1XX1.ACM
4850
1474
362
ICCNTNRA.ACM
21404
3868
364
ICCNTNRB.ACM
53516
11579
366
ICCNTNRC.ACM
13092
3835
368
ICCNTNRD.ACM
12692
3437
370
ICCNTNRE.ACM
116768
19366
372
ICIBCXX1.ACM
60014
13157
374
ICIBOXX1.ACM
67010
13472
376
ICOMBAT1.ACM
28288
4393
378
ICOMBAT2.ACM
25376
3591
380
ICSXXXX1.ACM
23814
5278
382
IISXXXX1.ACM
11364
2871
384
ILCNTNRA.ACM
27736
6914
386
ILCNTNRB.ACM
39868
10063
388
ILCNTNRC.ACM
33522
9146
390
ILCNTNRD.ACM
41386
10697
392
INCNTNRA.ACM
19702
5087
394
INCNTNRB.ACM
50778
13181
396
INCNTNRC.ACM
55020
14024
398
INCNTNRD.ACM
32684
8080
400
IOCNTNRA.ACM
31774
6866
402
IOCNTNRB.ACM
63088
11174
404
IOCNTNRC.ACM
13122
3940
406
IOCNTNRD.ACM
15238
4021
408
IOCNTNRE.ACM
99318
14633
410
IPICKUP1.ACM
6400
2051
412
IPUTDOWN.ACM
7296
2056
414
ISDXXXX1.ACM
10532
3006
416
JUPITER.ACM
112650
28140
418
KNIFE.ACM
30506
4823
420
LAUGHTE1.ACM
114114
26966
422
LAUGHTER.ACM
92166
22101
424
LEVELUP.ACM
38528
8980
426
LOOSER.ACM
57868
15449
428
LOSER.ACM
57934
15492
430
LTHARMOR.ACM
32672
5508
432
MAANTTAA.ACM
53760
12109
434
MAANTTAN.ACM
18738
4619
436
MAANTTAO.ACM
21656
6015
438
MAANTTAQ.ACM
10734
1614
440
MAANTTBA.ACM
37102
8087
442
MAANTTBE.ACM
54444
13300
444
MAANTTBF.ACM
55240
14321
446
MAANTTBI.ACM
52952
13171
448
MAANTTBL.ACM
54928
14164
450
MAANTTCJ.ACM
26212
6877
452
MAANTTYA.ACM
36734
9203
454
MAANTTZA.ACM
38798
9141
456
MAANTTZQ.ACM
11276
3042
458
MABOS2BA.ACM
340534
77816
460
MABOS2BB.ACM
340534
77816
462
MABOSSAA.ACM
74242
16968
464
MABOSSAN.ACM
41724
10501
466
MABOSSAO.ACM
61960
15154
468
MABOSSAP.ACM
58560
14043
470
MABOSSAQ.ACM
46420
11369
472
MABOSSAR.ACM
36170
9120
474
MABOSSAS.ACM
61862
14853
476
MABOSSBA.ACM
78772
18162
478
MABOSSBL.ACM
473848
106493
480
MABOSSCJ.ACM
65352
15725
482
MABOSSDA.ACM
64468
16044
484
MABOSSDC.ACM
61694
14893
486
MABOSSDD.ACM
61190
15223
488
MABOSSDE.ACM
38666
10194
490
MABOSSHC.ACM
58098
15147
492
MABOSSHD.ACM
57762
14864
494
MABOSSKA.ACM
69604
17276
496
MABOSSKC.ACM
69394
17017
498
MABOSSKD.ACM
60582
15311
500
MABOSSKE.ACM
61728
15323
502
MABOSSZA.ACM
61288
13185
504
MABOSSZQ.ACM
18106
4531
506
MABOSSZR.ACM
19680
5095
508
MABRANAA.ACM
35464
9089
510
MABRANAN.ACM
24056
6087
512
MABRANAO.ACM
24576
6153
514
MABRANAQ.ACM
39392
10063
516
MABRANBB.ACM
35894
9158
518
MABRANBD.ACM
39352
10215
520
MABRANBF.ACM
55562
14324
522
MABRANCH.ACM
33286
9013
524
MABRANYB.ACM
33376
8919
526
MABRANZB.ACM
44034
11128
528
MABRANZQ.ACM
18846
5074
530
MABROMAA.ACM
55388
13754
532
MABROMAO.acm
25472
6438
534
MABROMAP.ACM
25330
6551
536
MABROMAQ.acm
69058
16652
538
MABROMBA.ACM
29490
7564
540
MABROMBB.ACM
25972
6729
542
MABROMBE.acm
40238
10151
544
MABROMBF.ACM
83900
20448
546
MABROMBH.ACM
44272
11223
548
MABROMBI.ACM
76384
18941
550
MABROMBK.ACM
58908
15129
552
MABROMBL.ACM
58566
15088
554
MABROMCH.ACM
58606
13609
556
MABROMCJ.ACM
58596
14257
558
MABROMYA.ACM
31104
7856
560
MABROMYB.ACM
29626
7406
562
MABROMZA.ACM
33214
7888
564
MABROMZB.ACM
33408
8275
566
MABROMZQ.acm
15894
3691
568
MACLAWAA.ACM
52692
13040
570
MACLAWAK.ACM
58708
15018
572
MACLAWAO.ACM
35690
8638
574
MACLAWAP.ACM
34062
9074
576
MACLAWAQ.ACM
54472
14154
578
MACLAWBA.ACM
26158
7131
580
MACLAWBB.ACM
25632
6658
582
MACLAWBD.ACM
56642
14171
584
MACLAWBE.ACM
36116
9254
586
MACLAWBF.ACM
84884
21238
588
MACLAWBH.ACM
58334
14977
590
MACLAWBI.ACM
40874
10031
592
MACLAWBK.ACM
61118
15160
594
MACLAWCH.ACM
47796
12161
596
MACLAWCJ.ACM
58168
14791
598
MACLAWYA.ACM
39834
10145
600
MACLAWYB.ACM
69566
17251
602
MACLAWZA.ACM
72692
18095
604
MACLAWZB.ACM
77798
19089
606
MACLAWZQ.ACM
25820
6707
608
MACLW2AA.ACM
58056
14334
610
MACLW2AK.ACM
49928
13312
612
MACLW2AN.ACM
35038
9025
614
MACLW2AO.ACM
33452
8251
616
MACLW2AP.ACM
35992
9117
618
MACLW2AQ.ACM
71688
17932
620
MACLW2BA.ACM
35308
8816
622
MACLW2BB.ACM
49920
12549
624
MACLW2BD.ACM
73144
18443
626
MACLW2BE.ACM
33472
9059
628
MACLW2BF.ACM
83068
21533
630
MACLW2BH.ACM
39128
10179
632
MACLW2BI.ACM
50946
13331
634
MACLW2BK.ACM
46050
12306
636
MACLW2CH.ACM
44110
11215
638
MACLW2CJ.ACM
65946
16534
640
MACLW2YA.ACM
33514
8966
642
MACLW2YB.ACM
47514
12265
644
MACLW2ZA.ACM
84754
21262
646
MACLW2ZB.ACM
115384
29092
648
MACLW2ZQ.ACM
27430
7174
650
MACYBRAA.ACM
73130
18057
652
MACYBRAK.ACM
83148
21050
654
MACYBRAN.ACM
46694
10874
656
MACYBRAO.ACM
58210
14739
658
MACYBRAP.ACM
48406
12005
660
MACYBRAQ.ACM
57068
14052
662
MACYBRBA.ACM
44840
11192
664
MACYBRBB.ACM
37932
9890
666
MACYBRBF.ACM
97506
24737
668
MACYBRBI.ACM
67872
17418
670
MACYBRBL.ACM
64968
16045
672
MACYBRCH.ACM
79118
20559
674
MACYBRCJ.ACM
48098
12385
676
MACYBRYA.ACM
42236
10733
678
MACYBRYB.ACM
41840
10651
680
MACYBRZA.ACM
43764
11150
682
MACYBRZB.ACM
45076
11399
684
MACYBRZQ.ACM
21916
6077
686
MADDOGAA.ACM
49774
12273
688
MADDOGAO.acm
17022
4292
690
MADDOGAP.ACM
15938
3979
692
MADDOGAQ.acm
42242
10885
694
MADDOGBA.ACM
12624
3289
696
MADDOGBB.ACM
13380
3592
698
MADDOGBE.ACM
24730
6185
700
MADDOGBF.ACM
93908
23174
702
MADDOGBH.ACM
44272
11150
704
MADDOGBI.ACM
56466
14408
706
MADDOGBK.ACM
55708
14108
708
MADDOGBL.ACM
54428
14050
710
MADDOGCH.ACM
50598
11952
712
MADDOGCJ.ACM
50386
12130
714
MADDOGGR.acm
67052
17529
716
MADDOGYA.ACM
18684
4802
718
MADDOGYB.ACM
26144
6517
720
MADDOGZA.ACM
20012
4793
722
MADDOGZB.ACM
21720
5049
724
MADDOGZQ.acm
25084
6187
726
MADEGGBA.ACM
55240
14293
728
MADETHAA.ACM
52692
13040
730
MADETHAK.ACM
58708
15018
732
MADETHAO.ACM
35690
8638
734
MADETHAP.ACM
34062
9074
736
MADETHAQ.ACM
54472
14154
738
MADETHBA.ACM
26158
7131
740
MADETHBB.ACM
25632
6658
742
MADETHBD.ACM
56642
14171
744
MADETHBE.ACM
36116
9254
746
MADETHBF.ACM
84884
21238
748
MADETHBH.ACM
58334
14977
750
MADETHBI.ACM
40874
10031
752
MADETHBK.ACM
61118
15160
754
MADETHCH.ACM
47796
12161
756
MADETHCJ.ACM
58168
14791
758
MADETHYA.ACM
39834
10145
760
MADETHYB.ACM
69566
17251
762
MADETHZA.ACM
72692
18095
764
MADETHZB.ACM
77798
19089
766
MADETHZQ.ACM
25820
6707
768
MAFEYEAA.ACM
37264
8743
770
MAFEYEAN.ACM
25320
5623
772
MAFEYEAO.ACM
32352
7745
774
MAFEYEAP.ACM
32962
7450
776
MAFEYEAQ.ACM
31456
5233
778
MAFEYEBA.ACM
42400
10031
780
MAFEYEBB.ACM
42372
10197
782
MAFEYEBE.ACM
53898
13141
784
MAFEYEBF.ACM
77812
16841
786
MAFEYEBL.ACM
68802
17489
788
MAFEYECH.ACM
31118
6946
790
MAFEYECJ.ACM
30482
6802
792
MAFEYEYA.ACM
47800
11625
794
MAFEYEYB.ACM
43502
10740
796
MAFEYEZA.ACM
41930
10279
798
MAFEYEZB.ACM
44748
10991
800
MAFEYEZQ.ACM
41508
10406
802
MAFIREAA.ACM
72762
17935
804
MAFIREAN.ACM
33054
8863
806
MAFIREAO.ACM
39570
10293
808
MAFIREAP.ACM
38550
10224
810
MAFIREAQ.ACM
43314
10522
812
MAFIREAR.ACM
34614
8943
814
MAFIREBA.ACM
39324
9880
816
MAFIREBB.ACM
28860
7465
818
MAFIREBD.ACM
71622
18383
820
MAFIREBF.ACM
73490
18527
822
MAFIREBG.ACM
85356
21631
824
MAFIREBI.ACM
82652
21450
826
MAFIREBL.ACM
62682
16388
828
MAFIRECH.ACM
42998
11225
830
MAFIRECJ.ACM
45008
11297
832
MAFIREZA.ACM
41098
10501
834
MAFIREZB.ACM
32546
8233
836
MAFIREZQ.ACM
27262
7085
838
MAFIREZR.ACM
37800
10038
840
MAGCKOAA.ACM
58874
14926
842
MAGCKOAN.ACM
27078
7198
844
MAGCKOAO.ACM
37458
9065
846
MAGCKOAP.ACM
36010
9195
848
MAGCKOAQ.ACM
32654
8204
850
MAGCKOAR.ACM
31910
8259
852
MAGCKOBA.ACM
36706
8914
854
MAGCKOBB.ACM
31496
8189
856
MAGCKOBD.ACM
66018
16898
858
MAGCKOBE.ACM
20386
5171
860
MAGCKOBF.ACM
74596
19439
862
MAGCKOBG.ACM
82796
21620
864
MAGCKOBI.ACM
82688
21500
866
MAGCKOBL.ACM
57408
14628
868
MAGCKOBM.ACM
39494
10294
870
MAGCKOCH.ACM
45794
12293
872
MAGCKOCJ.ACM
58102
15436
874
MAGCKOYA.ACM
47224
12163
876
MAGCKOYB.ACM
59566
15303
878
MAGCKOZA.ACM
57308
14312
880
MAGCKOZB.ACM
49818
12722
882
MAGCKOZQ.ACM
26322
6360
884
MAGCKOZR.ACM
42984
10847
886
MAGKO2AA.ACM
88276
22155
888
MAGKO2AN.ACM
32828
8387
890
MAGKO2AO.ACM
30334
8103
892
MAGKO2AP.ACM
40146
10091
894
MAGKO2AQ.ACM
28806
7429
896
MAGKO2AR.ACM
23296
6181
898
MAGKO2BA.ACM
38962
10211
900
MAGKO2BB.ACM
36796
9173
902
MAGKO2BD.ACM
72490
18421
904
MAGKO2BE.ACM
31226
8151
906
MAGKO2BF.ACM
75976
19566
908
MAGKO2BG.ACM
81584
20528
910
MAGKO2BI.ACM
85442
21642
912
MAGKO2BL.ACM
60790
15374
914
MAGKO2BM.ACM
42034
11288
916
MAGKO2CH.ACM
55474
14365
918
MAGKO2CJ.ACM
47176
12193
920
MAGKO2YA.ACM
29490
8192
922
MAGKO2YB.ACM
29868
8149
924
MAGKO2ZA.ACM
53216
13303
926
MAGKO2ZB.ACM
44988
11274
928
MAGKO2ZQ.ACM
16672
4206
930
MAGKO2ZR.ACM
35508
8984
932
magun2ao.acm
55284
13276
934
magun2AP.acm
32962
7450
936
magun2BA.acm
42400
10031
938
magun2cj.acm
30482
6802
940
magun2YA.acm
47800
11625
942
magun2ZA.acm
41930
10279
944
MAGUNNAO.ACM
55284
13276
946
MAGUNNAP.ACM
32962
7450
948
MAGUNNBA.ACM
42400
10031
950
MAGUNNCJ.ACM
30482
6802
952
MAGUNNLC.ACM
42534
10461
954
MAGUNNLD.ACM
42534
10461
956
MAGUNNYA.ACM
47800
11625
958
MAGUNNZA.ACM
41930
10279
960
MAHANDAA.ACM
45238
11128
962
MAHANDAO.ACM
55284
13276
964
MAHANDAQ.ACM
50150
12065
966
MAHANDBA.ACM
52214
12892
968
MAHANDBK.ACM
49384
13075
970
MAHANDBL.ACM
76188
19520
972
MAHANDCJ.ACM
37904
9273
974
MAHANDKA.ACM
44320
11236
976
MAHANDKC.ACM
56662
14132
978
MAHANDKD.ACM
44392
11187
980
MAHANDKE.ACM
41914
10684
982
MAHANDLA.ACM
57324
14191
984
MAHANDLC.ACM
56358
13600
986
MAHANDLD.ACM
43000
10596
988
MAHANDLE.ACM
44134
11043
990
MAHANDYA.ACM
66294
16421
992
MAHANDZA.ACM
75584
16832
994
MAHANDZQ.ACM
47170
10354
996
MALIENAA.ACM
96586
23679
998
MALIENAN.ACM
39632
9740
1000
MALIENAO.ACM
41956
11216
1002
MALIENAP.ACM
53754
14225
1004
MALIENAQ.ACM
50342
13056
1006
MALIENAR.ACM
66852
17453
1008
MALIENBA.ACM
54268
14052
1010
MALIENBB.ACM
42374
11280
1012
MALIENBD.ACM
69302
17407
1014
MALIENBE.ACM
47180
12310
1016
MALIENBF.ACM
70760
18502
1018
MALIENBG.ACM
65010
16504
1020
MALIENBH.ACM
38374
9725
1022
MALIENBI.ACM
51666
13287
1024
MALIENBK.ACM
47964
12215
1026
MALIENBL.ACM
48130
12357
1028
MALIENBM.ACM
59382
15343
1030
MALIENCH.ACM
58594
15244
1032
MALIENCJ.ACM
59720
14831
1034
MALIENYA.ACM
44768
11191
1036
MALIENYB.ACM
44768
11191
1038
MALIENZA.ACM
31120
8234
1040
MALIENZB.ACM
40398
10256
1042
MALIENZQ.ACM
23598
6167
1044
MALIENZR.ACM
31120
8081
1046
MALIEUAA.ACM
110186
25316
1048
MALIEUBL.ACM
616010
153417
1050
MAMANTAA.ACM
53760
12109
1052
MAMANTAN.ACM
18738
4619
1054
MAMANTAO.ACM
21656
6015
1056
MAMANTAQ.ACM
10734
1614
1058
MAMANTBA.ACM
37102
8087
1060
MAMANTBE.ACM
54444
13300
1062
MAMANTBF.ACM
55240
14321
1064
MAMANTBI.ACM
52952
13171
1066
MAMANTBL.ACM
54928
14164
1068
MAMANTCJ.ACM
26212
6877
1070
MAMANTYA.ACM
36734
9203
1072
MAMANTZA.ACM
38798
9141
1074
MAMANTZQ.ACM
11276
3042
1076
MAMDNTBF.ACM
136788
34343
1078
MAMRATAA.ACM
31598
7992
1080
MAMRATAO.ACM
26082
6224
1082
MAMRATAQ.ACM
22382
5906
1084
MAMRATBA.ACM
31904
7825
1086
MAMRATBB.ACM
31904
7825
1088
MAMRATBD.ACM
43904
11146
1090
MAMRATBE.ACM
39454
9302
1092
MAMRATBF.ACM
71598
17988
1094
MAMRATBH.ACM
41376
9781
1096
MAMRATCJ.ACM
36998
8594
1098
MAMRATYA.ACM
23980
6004
1100
MAMRATYB.ACM
23980
6004
1102
MAMRATZA.ACM
44048
11106
1104
MAMRATZB.ACM
44048
11106
1106
MAMRATZQ.ACM
39454
9691
1108
MAMSTRAO.ACM
25548
6692
1110
MAMSTRBL.ACM
339344
84969
1112
MAMSTRLC.ACM
42534
10461
1114
MAMTN2AA.ACM
100856
24016
1116
MAMTNTAA.ACM
131898
31650
1118
MAMTNTAN.ACM
27684
6910
1120
MAMTNTAO.ACM
34202
8987
1122
MAMTNTAP.ACM
37778
9628
1124
MAMTNTAQ.ACM
25258
5093
1126
MAMTNTBA.ACM
73012
18500
1128
MAMTNTBB.ACM
44874
11108
1130
MAMTNTBD.ACM
138920
34177
1132
MAMTNTBE.ACM
52868
13190
1134
MAMTNTBF.ACM
130042
32665
1136
MAMTNTBG.ACM
106670
26568
1138
MAMTNTBH.ACM
62880
15963
1140
MAMTNTBI.ACM
65320
16349
1142
MAMTNTBJ.ACM
64846
15866
1144
MAMTNTBK.ACM
76204
19426
1146
MAMTNTBL.ACM
63980
15760
1148
MAMTNTBM.ACM
83066
20923
1150
MAMTNTBN.ACM
89654
22293
1152
MAMTNTCH.ACM
76578
19367
1154
MAMTNTCJ.ACM
95858
24058
1156
MAMTNTKA.ACM
68748
16548
1158
MAMTNTKC.ACM
69680
16493
1160
MAMTNTKD.ACM
59422
13888
1162
MAMTNTKE.ACM
27192
7058
1164
MAMTNTLA.ACM
63552
14462
1166
MAMTNTLC.ACM
36142
8857
1168
MAMTNTLD.ACM
36640
8884
1170
MAMTNTLE.ACM
46940
11897
1172
MAMTNTMA.ACM
121106
24587
1174
MAMTNTMC.ACM
45832
9709
1176
MAMTNTMD.ACM
35040
8187
1178
MAMTNTME.ACM
46744
11880
1180
MAMTNTYA.ACM
75250
18854
1182
MAMTNTYB.ACM
52118
12965
1184
MAMTNTZA.ACM
88506
21989
1186
MAMTNTZB.ACM
54902
13926
1188
MAMTNTZQ.ACM
46266
11190
1190
MAMURTAA.ACM
23598
5517
1192
MAMURTAN.ACM
23718
5839
1194
MAMURTAO.ACM
17316
4941
1196
MAMURTAQ.ACM
27508
7129
1198
MAMURTBA.ACM
34412
9173
1200
MAMURTBD.ACM
45660
12291
1202
MAMURTBE.ACM
38258
9702
1204
MAMURTBF.ACM
71906
17498
1206
MAMURTCJ.ACM
35322
8935
1208
MAMURTYA.ACM
33606
9129
1210
MAMURTZA.ACM
35712
9248
1212
MAQUENAA.ACM
82968
19837
1214
MAQUENAN.ACM
49184
11707
1216
MAQUENAO.ACM
56236
13519
1218
MAQUENAP.ACM
56220
14324
1220
MAQUENAQ.ACM
52722
13212
1222
MAQUENAR.ACM
56550
14278
1224
MAQUENBA.ACM
54290
13972
1226
MAQUENBB.ACM
45238
11595
1228
MAQUENBD.ACM
61632
15658
1230
MAQUENBE.ACM
41744
11249
1232
MAQUENBF.ACM
64830
16415
1234
MAQUENBG.ACM
63502
16528
1236
MAQUENBI.ACM
70252
18354
1238
MAQUENBK.ACM
50354
13110
1240
MAQUENBL.ACM
52226
13368
1242
MAQUENBM.ACM
45994
12198
1244
MAQUENCH.ACM
53870
14407
1246
MAQUENCJ.ACM
49134
12367
1248
MAQUENZA.ACM
47982
12332
1250
MAQUENZB.ACM
46846
11868
1252
MAQUENZQ.ACM
25346
6732
1254
MAQUENZR.ACM
37592
9973
1256
MAROBEAO.ACM
35690
8638
1258
MAROBEBA.ACM
26158
7131
1260
MAROBECJ.ACM
58168
14791
1262
MAROBEYA.ACM
39834
10145
1264
MAROBEZA.ACM
72692
18095
1266
MAROBOAA.ACM
88386
21258
1268
MAROBOAN.ACM
37172
9477
1270
MAROBOAO.ACM
55542
14020
1272
MAROBOAP.ACM
58666
14207
1274
MAROBOAQ.ACM
96480
22968
1276
MAROBOBA.ACM
92034
22509
1278
MAROBOBL.ACM
61132
14573
1280
MAROBOCJ.ACM
48298
11296
1282
MAROBOIA.ACM
79262
17715
1284
MAROBOIC.ACM
69992
15795
1286
MAROBOID.ACM
70712
15921
1288
MAROBOIE.ACM
54374
12114
1290
MAROBOJA.ACM
37380
8677
1292
MAROBOJC.ACM
69886
16372
1294
MAROBOJD.ACM
56316
13593
1296
MAROBOJE.ACM
60766
13889
1298
MAROBOYA.ACM
85680
20705
1300
MAROBOZA.ACM
100550
24261
1302
MAROBOZQ.ACM
15076
3911
1304
MAROBTAA.ACM
111118
27488
1306
MAROBTAN.ACM
64544
15185
1308
MAROBTAO.ACM
64392
16429
1310
MAROBTAP.ACM
62996
16020
1312
MAROBTAQ.ACM
69186
17084
1314
MAROBTBA.ACM
57124
14283
1316
MAROBTBB.ACM
65436
16252
1318
MAROBTBD.ACM
60594
15375
1320
MAROBTBI.ACM
56448
14330
1322
MAROBTBL.ACM
80986
19963
1324
MAROBTCH.ACM
90452
22810
1326
MAROBTCJ.ACM
94520
23811
1328
MAROBTLC.ACM
47004
12273
1330
MAROBTMC.ACM
41746
10746
1332
MAROBTYA.ACM
75212
19355
1334
MAROBTYB.ACM
55464
14271
1336
MAROBTZA.ACM
75016
18963
1338
MAROBTZB.ACM
79064
19380
1340
MAROBTZQ.ACM
36552
8132
1342
MASCP2AA.ACM
59724
14941
1344
MASCP2AN.ACM
23926
6122
1346
MASCP2AO.ACM
26880
7204
1348
MASCP2AQ.ACM
26444
7144
1350
MASCP2BA.ACM
40910
10102
1352
MASCP2BE.ACM
52926
13390
1354
MASCP2BH.ACM
61034
15448
1356
MASCP2BK.ACM
67674
17376
1358
MASCP2BL.ACM
71286
18294
1360
MASCP2CJ.ACM
37586
10006
1362
MASCP2YA.ACM
40708
10127
1364
MASCP2ZA.ACM
78834
19196
1366
MASCP2ZQ.ACM
21766
5904
1368
MASCRPAA.ACM
34288
8365
1370
MASCRPAO.ACM
34768
8092
1372
MASCRPAQ.ACM
35068
9110
1374
MASCRPBA.ACM
29294
6437
1376
MASCRPBE.ACM
54092
13227
1378
MASCRPBH.ACM
67674
16449
1380
MASCRPBK.ACM
77340
18989
1382
MASCRPBL.ACM
54092
13453
1384
MASCRPCJ.ACM
38946
10011
1386
MASCRPYA.ACM
33338
8351
1388
MASCRPZA.ACM
33338
8265
1390
MASCRPZQ.ACM
11454
3015
1392
MASPHNAA.ACM
40228
10262
1394
MASPHNAO.ACM
33958
8383
1396
MASPHNAP.ACM
36864
9062
1398
MASPHNAQ.ACM
32704
7776
1400
MASPHNBA.ACM
27776
7202
1402
MASPHNBB.ACM
29492
8053
1404
MASPHNBE.ACM
34202
8740
1406
MASPHNBG.ACM
61276
15379
1408
MASPHNBH.ACM
61548
15412
1410
MASPHNBI.ACM
40650
10243
1412
MASPHNBK.ACM
68384
17301
1414
MASPHNBL.ACM
49834
12542
1416
MASPHNCH.ACM
35218
9259
1418
MASPHNCJ.ACM
36332
9217
1420
MASPHNYA.ACM
33020
8579
1422
MASPHNYB.ACM
33020
8579
1424
MASPHNZA.ACM
49494
12903
1426
MASPHNZB.ACM
49494
12903
1428
MASPHNZQ.ACM
27196
7076
1430
MASRATAO.ACM
28200
7115
1432
MASRATAQ.ACM
22404
5908
1434
MASRATBA.ACM
13586
3106
1436
MASRATBD.ACM
26006
7050
1438
MASRATBE.ACM
26594
7228
1440
MASRATBF.ACM
26006
7050
1442
MASRATBH.ACM
23940
6212
1444
MASRATBK.ACM
32262
7992
1446
MASRATBL.ACM
26006
7050
1448
MASRATCJ.ACM
21032
5245
1450
MASRATYA.ACM
19070
5042
1452
MASRATZA.ACM
22982
6095
1454
MASRATZQ.ACM
5470
1075
1456
MASTRABL.ACM
32626
7721
1458
MATHNGAA.ACM
77036
19269
1460
MATHNGAO.ACM
23210
6093
1462
MATHNGAQ.ACM
18744
5024
1464
MATHNGBA.ACM
38224
10194
1466
MATHNGBE.ACM
43550
11248
1468
MATHNGBG.ACM
71770
18455
1470
MATHNGBH.ACM
45348
11392
1472
MATHNGBI.ACM
48950
12209
1474
MATHNGBK.ACM
59088
14990
1476
MATHNGBL.ACM
52624
13278
1478
MATHNGBM.ACM
64300
16189
1480
MATHNGCH.ACM
35206
9169
1482
MATHNGCJ.ACM
32284
8264
1484
MATHNGYA.ACM
46994
11349
1486
MATHNGZA.ACM
59692
15074
1488
MATHNGZQ.ACM
18066
4941
1490
MAXFLR.ACM
35036
8007
1492
MECHPUM1.ACM
141940
31289
1494
MECHPUMP.ACM
144520
32495
1496
MENUBUT1.acm
10794
4128
1498
MINIGUN.ACM
17646
4010
1500
MONITOR.ACM
27648
4362
1502
MTLARMOR.ACM
20374
4544
1504
NACHLDAO.ACM
29094
6753
1506
NACHLDAP.ACM
33128
7538
1508
NACHLDAQ.ACM
25258
4607
1510
NACHLDAR.ACM
45242
11321
1512
NACHLDBA.ACM
50216
11284
1514
NACHLDBB.ACM
62112
13325
1516
NACHLDBD.ACM
117648
26893
1518
NACHLDBF.ACM
120800
29218
1520
NACHLDBG.ACM
110978
26650
1522
NACHLDBH.ACM
79376
18243
1524
NACHLDBI.ACM
95228
22628
1526
NACHLDBJ.ACM
64846
15049
1528
NACHLDBK.ACM
117460
28126
1530
NACHLDBL.ACM
62976
15690
1532
NACHLDBM.ACM
82276
19365
1534
NACHLDBN.ACM
83968
21685
1536
NACHLDCH.ACM
69224
16374
1538
NACHLDCJ.ACM
67608
16566
1540
NACHLDYA.ACM
50308
11397
1542
NACHLDYB.ACM
60064
12953
1544
NACHLDZA.ACM
53640
12290
1546
NACHLDZB.ACM
60006
13374
1548
NACHLDZQ.ACM
23040
4948
1550
NACHLDZR.ACM
13628
3928
1552
NAGHULAN.ACM
28218
6996
1554
NAGHULAO.ACM
30178
8014
1556
NAGHULAP.ACM
29364
7897
1558
NAGHULBA.ACM
50720
13164
1560
NAGHULBB.ACM
48554
12196
1562
NAGHULBD.ACM
107098
27226
1564
NAGHULBE.ACM
58102
15380
1566
NAGHULBF.ACM
106900
27358
1568
NAGHULBG.ACM
116576
29842
1570
NAGHULBH.ACM
67476
17226
1572
NAGHULBI.ACM
64402
16308
1574
NAGHULBK.ACM
148676
37466
1576
NAGHULCH.ACM
68544
17158
1578
NAGHULCJ.ACM
78524
20081
1580
NAGHULDE.ACM
22558
5959
1582
NAGHULEE.ACM
27552
7062
1584
NAGHULFE.ACM
31086
7962
1586
NAGHULGE.ACM
27874
7088
1588
NAGHULHE.ACM
34086
8483
1590
NAGHULIE.ACM
28122
7033
1592
NAGHULJE.ACM
40102
9725
1594
NAGHULKE.ACM
31106
8063
1596
NAGHULLE.ACM
32728
8212
1598
NAGHULME.ACM
30296
8150
1600
NAGHULYA.ACM
43748
11202
1602
NAGHULYB.ACM
43740
11091
1604
NAGHULZA.ACM
46358
12260
1606
NAGHULZB.ACM
47910
12324
1608
NEPTUNE.ACM
87332
21116
1610
NMGZMOAN.ACM
24142
6155
1612
NMGZMOAO.ACM
26244
7145
1614
NMGZMOBA.ACM
54520
14147
1616
NMGZMOBD.ACM
141592
35430
1618
NMGZMOCJ.ACM
61880
15847
1620
NMGZMOHA.ACM
27938
6485
1622
NMGZMOHC.ACM
80072
18825
1624
NMGZMOHD.ACM
53632
12556
1626
NMGZMOHE.ACM
23348
6070
1628
NMGZMOYA.ACM
78924
20342
1630
NMGZMOZA.ACM
97772
24436
1632
NMOVERLC.ACM
39330
9385
1634
NMOVR2BA.ACM
435692
101553
1636
NMOVR2BL.ACM
424058
100048
1638
NMSELEC0.ACM
4320
1328
1640
NMSELEC1.ACM
5824
1851
1642
ORE.ACM
143958
34778
1644
ORE1.ACM
136522
33661
1646
PEBBLE.ACM
84984
17902
1648
PEBBLE1.ACM
84156
16740
1650
PICKKEYS.ACM
24854
6698
1652
PISTOL.ACM
16708
3760
1654
PLUTO.ACM
67540
17462
1656
POTSPAN1.ACM
59136
12787
1658
POTSPANS.ACM
49024
10739
1660
PUDDLE.ACM
102664
22887
1662
PUDDLE1.ACM
97366
21946
1664
PWRARMOR.ACM
18712
4472
1666
PWRSWTCH.ACM
21404
5244
1668
RATTLE.ACM
135590
33544
1670
RATTLE1.ACM
128200
30754
1672
RIFLE.ACM
16282
3590
1674
RLAUNCH.ACM
35218
6489
1676
ROBE.ACM
33288
7235
1678
ROCK.ACM
24450
2730
1680
ROPE.ACM
22350
2480
1682
ROPEWELL.ACM
23842
5733
1684
RSHELL.ACM
33726
4990
1686
SALOON.ACM
119558
29252
1688
SALOON1.ACM
113384
27307
1690
SATURN.ACM
64484
15958
1692
SCBVXXX1.acm
464896
117973
1694
SCDOORSA.ACM
57228
12388
1696
SCDOORSB.ACM
197446
45249
1698
SCDOORSC.ACM
58450
13103
1700
SCDOORSD.ACM
64790
10496
1702
SCDOORSE.ACM
44034
10201
1704
SCDOORSF.ACM
65424
14741
1706
SCDOORSG.ACM
52914
11844
1708
SCDOORSH.ACM
63310
14210
1710
SCDOORSI.ACM
66280
15696
1712
SCDOORSJ.ACM
60450
13756
1714
SCDOORSK.ACM
67938
15631
1716
SCDOORSL.ACM
69660
12810
1718
SCDOORSM.ACM
57314
12709
1720
SCDOORSN.ACM
55544
12051
1722
SCDOORSO.ACM
173224
37901
1724
SCDOORSP.ACM
26970
7114
1726
SCDOORSQ.ACM
32420
8211
1728
SCDOORSR.ACM
29144
7389
1730
SCDOORSS.ACM
184332
31753
1732
SCDOORST.ACM
85646
20536
1734
SCOWDCX1.acm
51456
14318
1736
SCOWDOX1.acm
49408
12651
1738
SCWDCXX1.acm
53168
14202
1740
SCWDOXX1.acm
30652
8216
1742
SEAGULL.ACM
103664
23280
1744
SEAGULL1.ACM
114166
23752
1746
SEAWIND.ACM
126380
28071
1748
SEAWIND1.ACM
120932
27067
1750
SELEVDX1.ACM
47228
11634
1752
SELEVUX1.ACM
136948
34033
1754
SHOTS.ACM
121592
29750
1756
SHOTS1.ACM
75344
18898
1758
SHUFFLE.ACM
82114
19177
1760
SKEYBUZ1.ACM
26048
5883
1762
SKEYWIP1.ACM
58484
14251
1764
SLDOORSA.ACM
51388
12033
1766
SLDOORSB.ACM
51388
12033
1768
SLDOORSC.ACM
43032
9146
1770
SLDOORSD.ACM
53354
10549
1772
SLDOORSE.ACM
53354
10549
1774
SLDOORSF.ACM
53354
10549
1776
SLDOORSG.ACM
53354
10549
1778
SLDOORSH.ACM
53354
10549
1780
SLDOORSJ.ACM
51388
12033
1782
SLDOORSK.ACM
51388
12033
1784
SLDOORSO.ACM
50314
11770
1786
SLDOORSQ.ACM
31444
8089
1788
SLDOORSR.ACM
36340
9130
1790
SLDOORSS.ACM
60156
12008
1792
SLDOORST.ACM
50874
11974
1794
SLEDGE.ACM
29080
4681
1796
SNDOORSA.ACM
41366
8972
1798
SNDOORSB.ACM
41366
8972
1800
SNDOORSC.ACM
41184
10036
1802
SNDOORSD.ACM
52688
12841
1804
SNDOORSE.ACM
52688
12841
1806
SNDOORSF.ACM
52688
12841
1808
SNDOORSG.ACM
52688
12841
1810
SNDOORSH.ACM
52688
12841
1812
SNDOORSJ.ACM
41366
8972
1814
SNDOORSK.ACM
41366
8972
1816
SNDOORSQ.ACM
47994
12056
1818
SNDOORSR.ACM
36034
9144
1820
SNDOORST.ACM
99052
24035
1822
SODOORSA.ACM
58078
12588
1824
SODOORSB.ACM
147576
34787
1826
SODOORSC.ACM
47478
10556
1828
SODOORSD.ACM
44562
8808
1830
SODOORSE.ACM
30736
6972
1832
SODOORSF.ACM
47476
10466
1834
SODOORSG.ACM
37940
7935
1836
SODOORSH.ACM
50126
11440
1838
SODOORSI.ACM
57704
13580
1840
SODOORSJ.ACM
57700
13356
1842
SODOORSK.ACM
59068
13011
1844
SODOORSL.ACM
67066
10484
1846
SODOORSM.ACM
57318
12680
1848
SODOORSN.ACM
45700
10094
1850
SODOORSO.ACM
143128
30378
1852
SODOORSP.ACM
37082
9528
1854
SODOORSQ.ACM
27376
6977
1856
SODOORSR.ACM
90430
22557
1858
SODOORSS.ACM
188834
34045
1860
SODOORST.ACM
76002
18590
1862
SPEAR.ACM
28142
4068
1864
SPRTRAP.ACM
38434
9393
1866
SQUEAK.ACM
32256
7507
1868
SQUEAK1.ACM
21882
5055
1870
SREFCLX1.acm
17904
4359
1872
SREFOPX1.acm
29568
8171
1874
STARDIS1.ACM
374548
77236
1876
STEAM.ACM
66128
16686
1878
STEAM1.ACM
117776
28408
1880
SWDKEYX1.ACM
34188
8480
1882
TANKS.ACM
30506
5046
1884
TOGGLE.ACM
16878
3694
1886
URANIUM.ACM
82360
20934
1888
UZI.ACM
34126
5859
1890
VULTURE.ACM
119228
28562
1892
VULTURE1.ACM
122122
28775
1894
WA!1XXX1.ACM
105238
26711
1896
WA!1XXX2.ACM
105238
26711
1898
wA#1XXX1.acm
52816
13431
1900
wA#1XXX2.acm
49788
13007
1902
wA#2XXX1.acm
49864
11640
1904
wA#2XXX2.acm
48714
11184
1906
WA$1XXX1.ACM
51760
11942
1908
WA$1XXX2.ACM
47576
11316
1910
WA$2XXX1.ACM
69220
16661
1912
WA$2XXX2.ACM
67372
16324
1914
WA01XXX1.ACM
39988
8476
1916
WA01XXX2.ACM
36170
8051
1918
WA02XXX1.ACM
62062
14726
1920
WA02XXX2.ACM
69594
16044
1922
WA11XXX1.ACM
22894
4678
1924
WA21XXX1.ACM
40922
9679
1926
WA21XXX2.ACM
37476
9655
1928
WA22FXX1.ACM
14720
4095
1930
WA31XXX1.ACM
25422
6227
1932
WA31XXX2.ACM
24782
5942
1934
WA32XXX1.ACM
32446
7972
1936
WA32XXX2.ACM
29778
7285
1938
WA41XXX1.ACM
64174
16109
1940
WA42XXX1.ACM
20808
5055
1942
WA42XXX2.ACM
36696
7756
1944
WA51XXX1.ACM
42386
10925
1946
WA52XXX1.ACM
47932
11928
1948
WA61XXX1.ACM
24128
6051
1950
WA62XXX1.ACM
23306
5805
1952
WA71XXX1.ACM
48960
12232
1954
WA72XXX1.ACM
40038
10177
1956
WA81XXX1.ACM
33728
9081
1958
WA82XXX1.ACM
40038
10183
1960
WA91XXX1.ACM
37638
9484
1962
WA92XXX1.ACM
31948
7981
1964
WA@1XXX1.ACM
66022
16016
1966
WA@1XXX2.ACM
74876
18069
1968
WA@2XXX1.ACM
78714
19611
1970
WA@2XXX2.ACM
101728
24779
1972
WAA1XXX1.ACM
47184
12090
1974
WAA1XXX2.ACM
50392
12740
1976
WAB1XXX1.ACM
57520
13071
1978
WAB1XXX2.ACM
61760
14499
1980
WAB1XXX3.ACM
61134
14737
1982
WAC1XXX1.ACM
60690
12578
1984
WAC1XXX2.ACM
51824
11584
1986
WAD1XXX1.acm
27852
6273
1988
WAD1XXX2.acm
26912
6252
1990
WAD2XXX1.acm
49864
11640
1992
WAD2XXX2.acm
48714
11184
1994
WAE1XXX1.ACM
49806
13034
1996
WAE1XXX2.ACM
44066
11131
1998
WAF1XXX1.ACM
45612
11850
2000
WAF1XXX2.ACM
57094
13910
2002
WAG1XXX1.ACM
82548
19878
2004
WAG1XXX2.ACM
92568
21735
2006
WAH1XXX1.ACM
43184
11017
2008
WAH1XXX2.ACM
42388
11029
2010
WAH2XXX1.ACM
72812
17837
2012
WAH2XXX2.ACM
90744
22763
2014
WAI1XXX1.ACM
61308
15341
2016
WAI1XXX2.ACM
46122
12105
2018
WAJ1XXX1.ACM
39182
10268
2020
WAJ1XXX2.ACM
48928
12349
2022
WAK1XXX1.ACM
58068
14997
2024
WAK1XXX2.ACM
60936
15228
2026
WAL1XXX1.acm
83744
19243
2028
WAL1XXX2.acm
72616
18494
2030
WAM1XXX1.ACM
79908
19352
2032
WAM1XXX2.ACM
79908
19352
2032
WAM2XXX1.ACM
81182
18538
2034
WAN1XXX1.ACM
47346
12192
2036
WAN1XXX2.ACM
60270
15176
2038
WAO1XXX1.ACM
64174
16109
2040
WAP1XXX1.ACM
64174
16109
2042
WAQ1XXX1.ACM
64174
16109
2044
WAR1XXX1.ACM
54204
13594
2046
WAR1XXX2.ACM
64764
15596
2048
WAR2XXX1.ACM
72812
18332
2050
WAS1XXX1.ACM
40542
9268
2052
WAS1XXX2.ACM
44372
10474
2054
WATER.ACM
56294
10394
2056
WATER1.ACM
105662
17060
2058
WAU1XXX1.ACM
15642
2954
2060
WAU1XXX2.ACM
15970
3238
2062
WAV1XXX1.ACM
21528
6048
2064
WAV1XXX2.ACM
23026
6078
2066
WAVES.ACM
117532
28642
2068
WAVES1.ACM
122366
29826
2070
WAW1XXX1.ACM
85516
21300
2072
WAW1XXX2.ACM
82472
20768
2074
WAX1XXX1.ACM
46678
11416
2076
WAX1XXX2.ACM
46146
11541
2078
WAY1XXX1.ACM
55792
14367
2080
WAY1XXX2.ACM
59606
15263
2082
WAZ1XXX1.ACM
33646
9107
2084
WAZ1XXX2.ACM
40124
10098
2086
WEPNBOX.ACM
38698
6578
2088
WF21XXX1.ACM
20808
5055
2090
WF41XXX1.ACM
34000
7818
2092
WFN1XXX1.ACM
89298
19848
2094
WFO1XXX1.ACM
20808
5055
2096
WFP1XXX1.ACM
20808
5055
2098
WFQ1XXX1.ACM
20808
5055
2100
wH#1FXX1.acm
37322
8978
2102
wH#1FXX2.acm
36446
8659
2104
wH#1MXX1.acm
34640
8443
2106
wH#1MXX2.acm
42820
10194
2108
wH#1SXX1.acm
43476
10876
2110
wH#1SXX2.acm
47408
11733
2112
wH#1WXX1.acm
24918
6392
2114
wH#1WXX2.acm
42740
10299
2116
wH#2FXX1.acm
44178
11082
2118
wH#2FXX2.acm
37696
9402
2120
wH#2MXX1.acm
59490
13856
2122
wH#2MXX2.acm
51392
12301
2124
wH#2SXX1.acm
44136
10663
2126
wH#2SXX2.acm
41012
9853
2128
wH#2WXX1.acm
66122
15442
2130
wH#2WXX2.acm
58778
12768
2132
WH$1FXX1.ACM
18886
5067
2134
WH$1FXX2.ACM
19810
5141
2136
WH$2FXX1.ACM
26100
6301
2138
WH$2FXX2.ACM
24424
6072
2140
WH01FXX1.ACM
29056
7037
2142
WH02FXX1.ACM
32896
7375
2144
WH11FXX1.ACM
23446
5437
2146
WH21FXX1.ACM
13628
3148
2148
WH21FXX2.ACM
12986
3012
2150
WH21MXX1.ACM
23970
5891
2152
WH21MXX2.ACM
23970
5891
2154
WH21SXX1.ACM
10698
2425
2156
WH21SXX2.ACM
10698
2425
2158
WH21WXX1.ACM
12686
2790
2160
WH21WXX2.ACM
18758
4323
2162
WH31FXX1.ACM
14098
3877
2164
WH31FXX2.ACM
19328
4430
2166
WH31MXX1.ACM
16900
4151
2168
WH31MXX2.ACM
20928
5133
2170
WH32FXX1.ACM
14382
3468
2172
WH32FXX2.ACM
18470
4738
2174
WH32MXX1.ACM
18140
4782
2176
WH32WXX1.ACM
17756
4292
2178
WH32WXX2.ACM
20480
5098
2180
WH41FXX1.ACM
13184
3177
2182
WH41MXX1.ACM
14848
3888
2184
WH41WXX1.ACM
17756
4292
2186
WH41WXX2.ACM
20480
5098
2188
WH42FXX1.ACM
38466
8954
2190
WH42FXX2.ACM
19328
4430
2192
WH42MXX1.ACM
17348
4492
2194
WH42SXX1.ACM
26772
6291
2196
WH42WXX1.ACM
16076
4068
2198
WH51FXX1.ACM
20322
5120
2200
WH51MXX1.ACM
27206
6782
2202
WH52FXX1.ACM
21064
5208
2204
WH52MXX1.ACM
21434
5649
2206
WH61FXX1.ACM
16678
4046
2208
WH61MXX1.ACM
21178
5673
2210
WH62FXX1.ACM
19322
4606
2212
WH62MXX1.ACM
21178
5673
2214
WH71FXX1.ACM
23860
5985
2216
WH71MXX1.ACM
24002
5936
2218
WH72FXX1.ACM
22630
5667
2220
WH72MXX1.ACM
24140
5890
2222
WH81FXX1.ACM
24970
6228
2224
WH81FXX2.ACM
20370
5057
2226
WH81MXX1.ACM
18972
4513
2228
WH81MXX2.ACM
22484
5803
2230
WH82FXX1.ACM
27546
6974
2232
WH82MXX1.ACM
28256
7185
2234
WH82SXX1.ACM
30624
7434
2236
WH82WXX1.ACM
23512
5867
2238
WH91FXX1.ACM
42548
11192
2240
WH92FXX1.ACM
41508
10562
2242
WH@1MXX1.ACM
36592
9085
2244
WH@1MXX2.ACM
19344
4994
2246
WH@2MXX1.ACM
59124
15039
2248
WH@2MXX2.ACM
43054
11089
2250
WHA1FXX1.ACM
15100
4066
2252
WHA1FXX2.ACM
35264
9115
2254
WHA1MXX1.ACM
32664
7940
2256
WHA1MXX2.ACM
26686
6999
2258
WHA1SXX1.ACM
26344
6996
2260
WHA1SXX2.ACM
26692
7050
2262
WHA1WXX1.ACM
27054
7063
2264
WHA1WXX2.ACM
37778
9943
2266
WHB1FXX1.ACM
15100
4066
2268
WHB1FXX2.ACM
35264
9115
2270
WHB1MXX1.ACM
32664
7940
2272
WHB1MXX2.ACM
26686
6999
2274
WHB1SXX1.ACM
26344
6996
2276
WHB1SXX2.ACM
26692
7050
2278
WHB1WXX1.ACM
27054
7063
2280
WHB1WXX2.ACM
37778
9943
2282
WHC1FXX1.ACM
28042
7194
2284
WHC1FXX2.ACM
48884
12257
2286
WHC1MXX1.ACM
41262
10362
2288
WHC1MXX2.ACM
44424
10877
2290
WHC1SXX1.ACM
38566
9952
2292
WHC1SXX2.ACM
50328
12505
2294
WHC1WXX1.ACM
47678
12002
2296
WHC1WXX2.ACM
47020
11853
2298
WHD1FXX1.acm
53558
12718
2300
WHD1FXX2.acm
47994
12051
2302
WHD1MXX1.acm
73382
17936
2304
WHD1MXX2.acm
73122
17895
2306
WHD1SXX1.acm
86552
20544
2308
WHD1SXX2.acm
59406
16069
2310
WHD1WXX1.acm
47616
10563
2312
WHD1WXX2.acm
41472
10426
2314
WHD2FXX1.acm
44178
11082
2316
WHD2FXX2.acm
37696
9402
2318
WHD2MXX1.acm
59490
13856
2320
WHD2MXX2.acm
51392
12301
2322
WHD2SXX1.acm
44136
10663
2324
WHD2SXX2.acm
41012
9853
2326
WHD2WXX1.acm
66122
15442
2328
WHD2WXX2.acm
58778
12768
2330
WHE1FXX1.ACM
53558
12718
2332
WHE1FXX2.ACM
47994
12051
2334
WHE1MXX1.ACM
73382
17936
2336
WHE1MXX2.ACM
73122
17895
2338
WHE1SXX1.ACM
86552
20544
2340
WHE1SXX2.ACM
59406
16069
2342
WHE1WXX1.ACM
47616
10563
2344
WHE1WXX2.ACM
41472
10426
2346
WHF1XXX1.ACM
35752
8884
2348
WHG1FXX1.ACM
15100
4066
2350
WHG1FXX2.ACM
35264
9115
2352
WHG1MXX1.ACM
32664
7940
2354
WHG1MXX2.ACM
26686
6999
2356
WHG1SXX1.ACM
26344
6996
2358
WHG1SXX2.ACM
26692
7050
2360
WHG1WXX1.ACM
27054
7063
2362
WHG1WXX2.ACM
37778
9943
2364
WHH1FXX1.ACM
53558
12718
2366
WHH1FXX2.ACM
47994
12051
2368
WHH1MXX1.ACM
73382
17936
2370
WHH1MXX2.ACM
73122
17895
2372
WHH1SXX1.ACM
86552
20544
2374
WHH1SXX2.ACM
59406
16069
2376
WHH1WXX1.ACM
47616
10563
2378
WHH1WXX2.ACM
41472
10426
2380
WHH2FXX1.ACM
44178
11082
2382
WHH2FXX2.ACM
37696
9402
2384
WHH2MXX1.ACM
59490
13856
2386
WHH2MXX2.ACM
51392
12301
2388
WHH2SXX1.ACM
44136
10663
2390
WHH2SXX2.ACM
41012
9853
2392
WHH2WXX1.ACM
66122
15442
2394
WHH2WXX2.ACM
58778
12768
2396
WHJ1FXX1.ACM
28042
7194
2398
WHJ1FXX2.ACM
48884
12257
2400
WHJ1MXX1.ACM
41262
10362
2402
WHJ1MXX2.ACM
44424
10877
2404
WHJ1SXX1.ACM
38566
9952
2406
WHJ1SXX2.ACM
50328
12505
2408
WHJ1WXX1.ACM
47678
12002
2410
WHJ1WXX2.ACM
47020
11853
2412
WHK1XXX1.ACM
35752
8884
2414
WHL1FXX1.acm
60822
14778
2416
WHL1FXX2.acm
57262
13922
2418
WHL1MXX1.acm
63902
15834
2420
WHL1MXX2.acm
56944
14366
2422
WHL1SXX1.acm
51882
13218
2424
WHL1SXX2.acm
58582
15132
2426
WHL1WXX1.acm
63076
16048
2428
WHL1WXX2.acm
104646
26168
2430
WHM1FXX1.ACM
28334
7130
2432
WHM1FXX2.ACM
40948
10073
2434
WHM1MXX1.ACM
40532
9993
2436
WHM1MXX2.ACM
37870
9533
2438
WHM1SXX1.ACM
49008
12189
2440
WHM1SXX2.ACM
40870
10142
2442
WHM1WXX1.ACM
42256
11042
2444
WHM1WXX2.ACM
54536
13745
2446
WHN1XXX1.ACM
80258
19715
2448
WHN1XXX2.ACM
74590
18961
2450
WHO1XXX1.ACM
65298
16222
2452
WHO1XXX2.ACM
59856
15272
2454
WHP1XXX1.ACM
66380
17008
2456
WHQ1XXX1.ACM
56968
14295
2458
WHR1FXX1.ACM
46466
10945
2460
WHR1FXX2.ACM
54806
12647
2462
WHR1MXX1.ACM
28808
5713
2464
WHR1MXX2.ACM
29442
6559
2466
WHR1SXX1.ACM
35458
7488
2468
WHR1SXX2.ACM
33556
7674
2470
WHR1WXX1.ACM
23418
5623
2472
WHR1WXX2.ACM
23480
5428
2474
WHS1FXX1.ACM
62844
15406
2476
WHS1FXX2.ACM
55918
13570
2478
WHS1MXX1.ACM
57762
12472
2480
WHS1MXX2.ACM
54434
12081
2482
WHS1SXX1.ACM
39010
9169
2484
WHS1WXX1.ACM
37598
9094
2486
WHS1WXX2.ACM
37600
9088
2488
WHU1FXX1.ACM
15774
2529
2490
WHU1FXX2.ACM
15774
2529
2492
WHU1MXX1.ACM
15950
3253
2494
WHU1MXX2.ACM
14620
2782
2496
WHU1SXX1.ACM
15620
3078
2498
WHU1SXX2.ACM
16490
2907
2500
WHU1WXX1.ACM
12392
2679
2502
WHU1WXX2.ACM
19598
3481
2504
WHV1FXX1.ACM
26968
6994
2506
WHV1FXX2.ACM
21766
5504
2508
WHV1MXX1.ACM
27568
6187
2510
WHV1MXX2.ACM
29712
6510
2512
WHV1SXX1.ACM
26548
6004
2514
WHV1SXX2.ACM
26548
6004
2516
WHV1WXX1.ACM
17658
5103
2518
WHV1WXX2.ACM
25442
6337
2520
WHW1FXX1.ACM
29264
8087
2522
WHW1FXX2.ACM
38372
10106
2524
WHW1MXX1.ACM
33106
7345
2526
WHW1MXX2.ACM
37944
8128
2528
WHW1SXX1.ACM
27666
6940
2530
WHW1SXX2.ACM
38168
9864
2532
WHW1WXX1.ACM
40278
10209
2534
WHW1WXX2.ACM
28302
6981
2536
WHX1FXX1.ACM
47252
12125
2538
WHX1FXX2.ACM
30800
8169
2540
WHX1MXX1.ACM
49110
12236
2542
WHX1MXX2.ACM
64612
13516
2544
WHX1SXX1.ACM
62690
15776
2546
WHX1SXX2.ACM
62542
15835
2548
WHX1WXX1.ACM
32704
8137
2550
WHX1WXX2.ACM
29842
7757
2552
WHY1FXX1.ACM
28030
7206
2554
WHY1FXX2.ACM
19292
5113
2556
WHY1MXX1.ACM
25820
6981
2558
WHY1MXX2.ACM
24836
6256
2560
WHY1SXX1.ACM
37872
9408
2562
WHY1SXX2.ACM
78554
17662
2564
WHY1WXX1.ACM
34646
9103
2566
WHY1WXX2.ACM
35242
9149
2568
WHZ1FXX1.ACM
19668
5164
2570
WHZ1FXX2.ACM
18740
5094
2572
WHZ1MXX1.ACM
14376
4070
2574
WHZ1MXX2.ACM
17026
3965
2576
WHZ1SXX1.ACM
29868
7344
2578
WHZ1SXX2.ACM
32788
8169
2580
WHZ1WXX1.ACM
21606
5776
2582
WHZ1WXX2.ACM
22604
5715
2584
WINDDOO1.ACM
114724
27421
2586
WINDDOOR.ACM
117996
28469
2588
WINNER.ACM
105952
26749
2590
wO#1XXX1.ACM
13580
4010
2592
WO#XXXX1.ACM
13580
4010
2594
WO@1XXX1.ACM
18486
5128
2596
WO@XXXX1.ACM
18402
5121
2598
WOA1XXX1.ACM
15568
4089
2600
WOB1XXX1.ACM
13036
3827
2602
WOC1XXX1.ACM
16602
4292
2604
WOD1XXX1.ACM
13530
3952
2606
WOE1XXX1.ACM
13036
3827
2608
WOF1XXX1.ACM
11514
3078
2610
WOG1XXX1.ACM
13530
3944
2612
WOH1XXX1.ACM
14814
3998
2614
WOI1XXX1.ACM
20144
5050
2616
WOJ1XXX1.ACM
29660
8007
2618
WOK1XXX1.ACM
13722
4027
2620
WOL1XXX1.ACM
13586
3939
2622
WOM1XXX1.ACM
17466
4812
2624
WON1XXX1.ACM
13530
3952
2626
WOR1XXX1.ACM
14482
3455
2628
WOS1XXX1.ACM
51772
11741
2630
WOU1XXX1.ACM
5150
1957
2632
WOV1XXX1.ACM
17248
4873
2634
WOVXXXX1.ACM
17248
4873
2636
WOW1XXX1.ACM
37142
9335
2638
WOWXXXX1.ACM
37142
9335
2640
WOX1XXX1.ACM
20778
5186
2642
WOXXXXX1.ACM
20778
5186
2644
WOY1XXX1.ACM
13716
3958
2646
WOYXXXX1.ACM
13716
3958
2648
WOZ1XXX1.ACM
35038
9008
2650
WOZXXXX1.ACM
35038
9008
2652
wR#1XXX1.ACM
38674
10159
2654
WR#XXXX1.ACM
38674
10159
2656
WR@1XXX1.ACM
44676
11039
2658
WR@XXXX1.ACM
38134
10198
2660
WRA1XXX1.ACM
22838
6066
2662
WRB1XXX1.ACM
22838
6066
2664
WRC1XXX1.ACM
36440
6998
2666
WRD1XXX1.ACM
31622
7630
2668
WRE1XXX1.ACM
22838
6066
2670
WRF1XXX1.ACM
16184
4092
2672
WRG1XXX1.ACM
28032
7109
2674
WRH1XXX1.ACM
29348
7331
2676
WRI1XXX1.ACM
21478
5744
2678
WRJ1XXX1.ACM
29016
7309
2680
WRK1XXX1.ACM
22314
6180
2682
WRL1XXX1.ACM
37276
9324
2684
WRM1XXX1.ACM
29530
7957
2686
WRN1XXX1.ACM
23114
5809
2688
WRR1XXX1.ACM
51038
11205
2690
WRS1XXX1.ACM
102384
23625
2692
WRU1XXX1.ACM
31374
7453
2694
WRUXXXX1.ACM
31374
7453
2696
WRV1XXX1.ACM
25430
6035
2698
WRVXXXX1.ACM
25430
6035
2700
WRW1XXX1.ACM
63554
16445
2702
WRX1XXX1.ACM
51814
13157
2704
WRXXXXX1.ACM
51814
13157
2706
WRY1XXX1.ACM
56052
14272
2708
WRYXXXX1.ACM
56052
14272
2710
WRZ1XXX1.ACM
48846
12339
2712
WRZXXXX1.ACM
48846
12339
2714
WWHNXXX2.ACM
80254
18250
2716
ZAPPER.ACM
29292
7172
2718
ZAPPER1.ACM
32450
6796
2720
ZIPPER.ACM
39872
10265
2722
