[1/25/2020 6:55:52 PM] ..\..\Server\text\engl\FOGM.MSG parsed.
[1/25/2020 6:55:52 PM] ..\..\Server\text\engl\FOGAME.MSG parsed.
[1/25/2020 6:55:52 PM] ..\..\Server\text\engl\FODLG.MSG parsed.
[1/25/2020 6:55:52 PM] ..\..\Server\text\engl\ /FOOBJ.MSG parsed.
[1/25/2020 7:34:30 PM] Writing Locations.cfg data to ..\..\Server\maps\Locations.cfg
[1/25/2020 7:34:30 PM] Data written to ..\..\Server\maps\Locations.cfg
[1/25/2020 7:34:30 PM] GenerateWorld data written to ..\..\Server\maps\GenerateWorld.cfg
[1/25/2020 7:34:30 PM] Data written to ..\..\Server\text\engl\FOGM.MSG
[1/25/2020 7:34:30 PM] Saving changes made to hub...
[1/25/2020 7:34:30 PM] Opening ..\..\Server\maps\hub.fomap to write map header data.
[1/25/2020 7:34:30 PM] Header data written to ..\..\Server\maps\hub.fomap.
[1/25/2020 7:34:30 PM] Saving changes made to hub_oldtown...
[1/25/2020 7:34:30 PM] Opening ..\..\Server\maps\hub_oldtown.fomap to write map header data.
[1/25/2020 7:34:30 PM] Header data written to ..\..\Server\maps\hub_oldtown.fomap.
[1/25/2020 7:34:30 PM] Saving changes made to hub_heights...
[1/25/2020 7:34:30 PM] Opening ..\..\Server\maps\hub_heights.fomap to write map header data.
[1/25/2020 7:34:30 PM] Header data written to ..\..\Server\maps\hub_heights.fomap.
[1/25/2020 7:34:30 PM] Saving changes made to hub_water...
[1/25/2020 7:34:30 PM] Opening ..\..\Server\maps\hub_water.fomap to write map header data.
[1/25/2020 7:34:30 PM] Header data written to ..\..\Server\maps\hub_water.fomap.
[1/25/2020 7:34:30 PM] Saving changes made to hub_downtown_decker...
[1/25/2020 7:34:30 PM] Opening ..\..\Server\maps\hub_downtown_decker.fomap to write map header data.
[1/25/2020 7:34:30 PM] Header data written to ..\..\Server\maps\hub_downtown_decker.fomap.
[1/25/2020 7:34:30 PM] Saving changes made to hub_oldtown_thief...
[1/25/2020 7:34:30 PM] Opening ..\..\Server\maps\hub_oldtown_thief.fomap to write map header data.
[1/25/2020 7:34:30 PM] Header data written to ..\..\Server\maps\hub_oldtown_thief.fomap.
[1/25/2020 7:34:30 PM] Saving changes made to hub_arena...
[1/25/2020 7:34:30 PM] Opening ..\..\Server\maps\hub_arena.fomap to write map header data.
[1/25/2020 7:34:30 PM] Header data written to ..\..\Server\maps\hub_arena.fomap.
[1/25/2020 7:34:30 PM] Data written to ..\..\Server\text\engl\FOGM.MSG
[1/25/2020 7:36:05 PM] Writing Locations.cfg data to ..\..\Server\maps\Locations.cfg
[1/25/2020 7:36:05 PM] Data written to ..\..\Server\maps\Locations.cfg
[1/25/2020 7:36:05 PM] GenerateWorld data written to ..\..\Server\maps\GenerateWorld.cfg
[1/25/2020 7:36:05 PM] Data written to ..\..\Server\text\engl\FOGM.MSG
[1/25/2020 7:36:05 PM] Saving changes made to hub...
[1/25/2020 7:36:05 PM] Opening ..\..\Server\maps\hub.fomap to write map header data.
[1/25/2020 7:36:05 PM] Header data written to ..\..\Server\maps\hub.fomap.
[1/25/2020 7:36:05 PM] Saving changes made to hub_oldtown...
[1/25/2020 7:36:05 PM] Opening ..\..\Server\maps\hub_oldtown.fomap to write map header data.
[1/25/2020 7:36:05 PM] Header data written to ..\..\Server\maps\hub_oldtown.fomap.
[1/25/2020 7:36:05 PM] Saving changes made to hub_heights...
[1/25/2020 7:36:05 PM] Opening ..\..\Server\maps\hub_heights.fomap to write map header data.
[1/25/2020 7:36:05 PM] Header data written to ..\..\Server\maps\hub_heights.fomap.
[1/25/2020 7:36:05 PM] Saving changes made to hub_water...
[1/25/2020 7:36:05 PM] Opening ..\..\Server\maps\hub_water.fomap to write map header data.
[1/25/2020 7:36:05 PM] Header data written to ..\..\Server\maps\hub_water.fomap.
[1/25/2020 7:36:05 PM] Saving changes made to hub_downtown_decker...
[1/25/2020 7:36:05 PM] Opening ..\..\Server\maps\hub_downtown_decker.fomap to write map header data.
[1/25/2020 7:36:05 PM] Header data written to ..\..\Server\maps\hub_downtown_decker.fomap.
[1/25/2020 7:36:05 PM] Saving changes made to hub_oldtown_thief...
[1/25/2020 7:36:05 PM] Opening ..\..\Server\maps\hub_oldtown_thief.fomap to write map header data.
[1/25/2020 7:36:05 PM] Header data written to ..\..\Server\maps\hub_oldtown_thief.fomap.
[1/25/2020 7:36:05 PM] Saving changes made to hub_arena...
[1/25/2020 7:36:06 PM] Opening ..\..\Server\maps\hub_arena.fomap to write map header data.
[1/25/2020 7:36:06 PM] Header data written to ..\..\Server\maps\hub_arena.fomap.
[1/25/2020 7:36:06 PM] Data written to ..\..\Server\text\engl\FOGM.MSG
