[1/25/2020 6:55:52 PM] Starting in E:\Coding\FOnline\FOclassic\BraveNewWorld\PReloaded\Tools\WorldEditor
[1/25/2020 6:55:52 PM] Loading config
[1/25/2020 6:55:52 PM]    OS version: Microsoft Windows NT 6.2.9200.0 64-bit
   .NET CLR version: 4.0.30319.42000
   .NET installed versions:
       2.0 (SP 2) - 2.0.50727.4927
       3.0 (SP 2) - 3.0.30729.4926
       3.5 (SP 1) - 3.5.30729.4926
       4.0 Client Profile
       4.0 Full Profile

[1/25/2020 6:55:52 PM] Loading UI Settings
[1/25/2020 6:55:52 PM] Loaded UI Settings
[1/25/2020 6:55:52 PM] Starting script thread...
[1/25/2020 6:55:52 PM] Loading resources sequentially...
[1/25/2020 6:55:52 PM] Loading zones from ..\..\Server\maps\worldmap.fowm...
[1/25/2020 6:55:52 PM] Loaded maps and location data.
[1/25/2020 6:55:52 PM] Found 959 PIDs in ITEMPID.H
[1/25/2020 6:55:52 PM] Loading param defines.
[1/25/2020 6:55:52 PM] Loading graphics\worldmap.png
[1/25/2020 6:55:52 PM] Loading ITEMPID.H
[1/25/2020 6:55:52 PM] Loaded game data.
[1/25/2020 6:55:52 PM] Clearing controls
[1/25/2020 6:55:52 PM] Main form loaded.
[1/25/2020 7:34:30 PM] Saving zones to ..\..\Server\maps\worldmap.fowm...
[1/25/2020 7:36:06 PM] Saving zones to ..\..\Server\maps\worldmap.fowm...
