Starting Client (version 7)...
Engine initialization...
Sprite manager initialization...
Sprite manager initialization complete.
SpriteManager::LoadFontFO - File<Default_150.fofnt> not found.
SpriteManager::LoadFontFO - File<Default_200.fofnt> not found.
Sound manager initialization...
Sound manager initialization complete.
Loaded<166> critter types.
Load scripts...
Import script functions...
Import scripts functions... OK
Bind reserved client functions...
Bind reserved client functions... complete
Signature<InvHead> not found.
Load scripts complete.
Interface initialization.
Load data.
Load sprites.
File<jj_dialogBalnk.png> not found.
File<options_singleplayer_x.png> not found.
Interface initialization complete.
Initialize item manager...
Initialize item manager... complete.
Hex field initialization...
Hex field initialization complete.
Engine initialization complete.
Network init...
Connecting to server<localhost:2238>.
Connecting successful.
Network init successful.
Authentication success.
Change map...
Get hash of map, pid<595>...complete.
Load map...Load map success.
Local map loaded.
Chosen parameters... complete
Quests... complete
Engine finish...
Disconnect.
Traffic: send<563>, receive<4437>, whole<5000>, receive real<27226>.
Disconnect success.
Resource manager finish...
Resource manager finish complete.
Hex field finish...
Hex field finish complete.
Sprite manager finish...
Sprite manager finish complete.
Sound manager finish.
Sound manager finish complete.
Engine finish complete.
FOClassic finished.
